<?xml version="1.0" encoding="UTF-8"?>
<!-- Generated by org.testng.reporters.JUnitXMLReporter -->
<testsuite ignored="1" hostname="DESKTOP-37FIG61" failures="0" tests="3" name="Test" time="0.368" errors="0" timestamp="2024-04-07T15:42:46 IST">
  <testcase classname="com.datadriventesting.LumaTest" name="@BeforeClass Before" time="0.001">
    <failure type="java.lang.NullPointerException" message="Cannot invoke &amp;quot;org.openqa.selenium.WebDriver.get(String)&amp;quot; because &amp;quot;com.datadriventesting.LumaTest.driver&amp;quot; is null">
      <![CDATA[java.lang.NullPointerException: Cannot invoke "org.openqa.selenium.WebDriver.get(String)" because "com.datadriventesting.LumaTest.driver" is null
at com.datadriventesting.LumaTest.Before(LumaTest.java:27)
at java.base/java.util.ArrayList.forEach(ArrayList.java:1511)
... Removed 25 stack frames]]>
    </failure>
  </testcase> <!-- @BeforeClass Before -->
  <testcase classname="com.datadriventesting.LumaTest" name="test0" time="0.0">
    <skipped/>
  </testcase> <!-- test0 -->
  <testcase classname="com.datadriventesting.LumaTest" name="test2" time="0.001">
    <skipped/>
  </testcase> <!-- test2 -->
  <testcase classname="com.datadriventesting.LumaTest" name="test3" time="0.0">
    <skipped/>
  </testcase> <!-- test3 -->
  <testcase classname="com.datadriventesting.LumaTest" name="test1" time="0.0">
    <ignored/>
  </testcase> <!-- test1 -->
</testsuite> <!-- Test -->
